[23:38:43] [main/INFO] (FabricLoader/GameProvider) Loading Minecraft 1.19.2 with Fabric Loader 0.14.9
[23:38:44] [main/INFO] (FabricLoader) Loading 53 mods:
	- fabric-api 0.60.0+1.19.2
	- fabric-api-base 0.4.11+e62f51a390
	- fabric-api-lookup-api-v1 1.6.9+9ff28f4090
	- fabric-biome-api-v1 9.0.17+aeb40ebe90
	- fabric-blockrenderlayer-v1 1.1.20+aeb40ebe90
	- fabric-client-tags-api-v1 1.0.1+b35fea8390
	- fabric-command-api-v2 2.1.7+0c17ea9690
	- fabric-content-registries-v0 3.2.3+aeb40ebe90
	- fabric-convention-tags-v1 1.1.1+7cd20a1490
	- fabric-crash-report-info-v1 0.2.5+aeb40ebe90
	- fabric-data-generation-api-v1 5.1.8+a680b9b490
	- fabric-dimensions-v1 2.1.30+aeb40ebe90
	- fabric-entity-events-v1 1.4.18+9ff28f4090
	- fabric-events-interaction-v0 0.4.28+aeb40ebe90
	- fabric-game-rule-api-v1 1.0.21+aeb40ebe90
	- fabric-gametest-api-v1 1.0.35+e62f51a390
	- fabric-item-api-v1 1.5.7+35a03c4390
	- fabric-item-groups-v0 0.3.28+aeb40ebe90
	- fabric-key-binding-api-v1 1.0.20+aeb40ebe90
	- fabric-language-kotlin 1.8.3+kotlin.1.7.10
	- fabric-lifecycle-events-v1 2.1.2+aeb40ebe90
	- fabric-loot-api-v2 1.1.3+83a8659290
	- fabric-message-api-v1 5.0.3+176380a290
	- fabric-mining-level-api-v1 2.1.14+33fbc73890
	- fabric-models-v0 0.3.17+aeb40ebe90
	- fabric-networking-api-v1 1.2.4+5eb68ef290
	- fabric-object-builder-api-v1 4.0.11+aeb40ebe90
	- fabric-particles-v1 1.0.10+aeb40ebe90
	- fabric-registry-sync-v0 0.9.24+aeb40ebe90
	- fabric-renderer-api-v1 1.0.10+aeb40ebe90
	- fabric-renderer-indigo 0.6.12+aeb40ebe90
	- fabric-rendering-data-attachment-v1 0.3.14+aeb40ebe90
	- fabric-rendering-fluids-v1 3.0.7+aeb40ebe90
	- fabric-rendering-v1 1.10.16+aeb40ebe90
	- fabric-resource-conditions-api-v1 2.0.11+e62f51a390
	- fabric-resource-loader-v0 0.6.1+aeb40ebe90
	- fabric-screen-api-v1 1.0.26+f05effaf90
	- fabric-screen-handler-api-v1 1.2.13+9ff28f4090
	- fabric-textures-v0 1.0.20+aeb40ebe90
	- fabric-transfer-api-v1 2.0.11+83a8659290
	- fabric-transitive-access-wideners-v1 1.3.0+42d99c3290
	- fabricloader 0.14.9
	- java 17
	- minecraft 1.19.2
	- silk-all 1.9.2
	- silk-commands 1.9.2
	- silk-core 1.9.2
	- silk-game 1.9.2 via silk-all
	- silk-igui 1.9.2 via silk-all
	- silk-nbt 1.9.2 via silk-all
	- silk-network 1.9.2 via silk-all
	- silk-persistence 1.9.2 via silk-all
	- simpleautodrop 1.0.0
[23:38:49] [main/INFO] (FabricLoader/Mixin) SpongePowered MIXIN Subsystem Version=0.8.5 Source=file:/home/onion/.gradle/caches/modules-2/files-2.1/net.fabricmc/sponge-mixin/0.11.4+mixin.0.8.5/c1dc27696aa4006e492c2485c9ccbcb26045a971/sponge-mixin-0.11.4+mixin.0.8.5.jar Service=Knot/Fabric Env=CLIENT
[23:38:49] [main/INFO] (FabricLoader/Mixin) Loaded Fabric development mappings for mixin remapper!
[23:38:49] [main/INFO] (FabricLoader/Mixin) Compatibility level set to JAVA_16
[23:38:49] [main/INFO] (FabricLoader/Mixin) Compatibility level set to JAVA_17
[23:38:51] [main/WARN] (FileUtil) Configuration conflict: there is more than one oshi.properties file on the classpath
[23:38:51] [main/WARN] (FileUtil) Configuration conflict: there is more than one oshi.architecture.properties file on the classpath
[23:38:55] [main/INFO] (Minecraft) Building optimized datafixer
[23:39:01] [Render thread/INFO] (Minecraft) Environment: authHost='https://authserver.mojang.com', accountsHost='https://api.mojang.com', sessionHost='https://sessionserver.mojang.com', servicesHost='https://api.minecraftservices.com', name='PROD'
[23:39:02] [Render thread/ERROR] (fabric-screen-api-v1) Failed to verify authentication
com.mojang.authlib.exceptions.InvalidCredentialsException: Status: 401
	at com.mojang.authlib.exceptions.MinecraftClientHttpException.toAuthenticationException(MinecraftClientHttpException.java:56) ~[authlib-3.11.49.jar:?]
	at com.mojang.authlib.yggdrasil.YggdrasilUserApiService.fetchProperties(YggdrasilUserApiService.java:155) ~[authlib-3.11.49.jar:?]
	at com.mojang.authlib.yggdrasil.YggdrasilUserApiService.<init>(YggdrasilUserApiService.java:55) ~[authlib-3.11.49.jar:?]
	at com.mojang.authlib.yggdrasil.YggdrasilAuthenticationService.createUserApiService(YggdrasilAuthenticationService.java:161) ~[authlib-3.11.49.jar:?]
	at net.minecraft.client.Minecraft.createUserApiService(Minecraft.java:721) [minecraft-project-@-merged-named.jar:?]
	at net.minecraft.client.Minecraft.<init>(Minecraft.java:495) [minecraft-project-@-merged-named.jar:?]
	at net.minecraft.client.main.Main.run(Main.java:189) [minecraft-project-@-merged-named.jar:?]
	at net.minecraft.client.main.Main.main(Main.java:49) [minecraft-project-@-merged-named.jar:?]
	at net.fabricmc.loader.impl.game.minecraft.MinecraftGameProvider.launch(MinecraftGameProvider.java:461) [fabric-loader-0.14.9.jar:?]
	at net.fabricmc.loader.impl.launch.knot.Knot.launch(Knot.java:74) [fabric-loader-0.14.9.jar:?]
	at net.fabricmc.loader.impl.launch.knot.KnotClient.main(KnotClient.java:23) [fabric-loader-0.14.9.jar:?]
	at net.fabricmc.devlaunchinjector.Main.main(Main.java:86) [dev-launch-injector-0.2.1+build.8.jar:?]
Caused by: com.mojang.authlib.exceptions.MinecraftClientHttpException: Status: 401
	at com.mojang.authlib.minecraft.client.MinecraftClient.readInputStream(MinecraftClient.java:85) ~[authlib-3.11.49.jar:?]
	at com.mojang.authlib.minecraft.client.MinecraftClient.get(MinecraftClient.java:48) ~[authlib-3.11.49.jar:?]
	at com.mojang.authlib.yggdrasil.YggdrasilUserApiService.fetchProperties(YggdrasilUserApiService.java:129) ~[authlib-3.11.49.jar:?]
	... 10 more
[23:39:02] [Render thread/INFO] (fabric-screen-api-v1) Setting user: Player803
[23:39:04] [Render thread/INFO] (SilkEntrypoint) Initializing Silk due to init call
[23:39:04] [Render thread/WARN] (FileUtil) Configuration conflict: there is more than one oshi.architecture.properties file on the classpath
